SF:lib/core/scroll/sheet_scroll_metrics.dart
DA:7,3
DA:15,3
DA:16,3
DA:22,2
DA:26,2
DA:27,2
DA:28,2
DA:29,2
DA:33,2
DA:36,15
DA:38,1
DA:40,4
DA:43,4
DA:46,2
DA:47,8
LF:15
LH:15
end_of_record
SF:lib/core/scroll/sheet_scroll_physics.dart
DA:8,2
DA:9,2
DA:16,2
DA:18,8
DA:19,8
DA:21,2
DA:22,2
DA:24,4
LF:8
LH:8
end_of_record
SF:lib/core/scroll/sheet_scroll_controller.dart
DA:11,2
DA:14,4
DA:15,2
DA:16,2
DA:19,4
DA:20,2
DA:21,2
DA:24,6
DA:26,6
DA:27,6
DA:34,0
DA:36,0
DA:37,0
DA:38,0
DA:41,2
DA:43,2
DA:46,1
DA:48,3
DA:49,2
DA:50,1
DA:54,3
DA:55,2
DA:56,1
DA:59,2
DA:60,3
DA:61,3
DA:65,1
DA:66,7
DA:67,2
DA:69,4
DA:70,4
DA:73,1
DA:74,4
DA:75,4
DA:78,1
DA:79,1
DA:82,3
DA:85,1
DA:86,1
DA:89,3
DA:92,1
DA:93,2
DA:94,5
DA:95,5
DA:99,8
LF:45
LH:41
end_of_record
SF:lib/core/config/sheet_constants.dart
DA:20,0
DA:26,0
DA:32,0
DA:39,0
LF:4
LH:0
end_of_record
SF:lib/core/sheet_properties.dart
DA:9,0
DA:13,0
DA:18,0
DA:19,0
DA:20,0
DA:23,0
DA:24,0
DA:25,0
DA:28,4
DA:33,2
DA:34,2
DA:36,1
DA:37,2
DA:40,1
DA:41,2
DA:44,0
DA:45,0
DA:46,0
DA:49,2
DA:50,5
DA:53,0
DA:54,0
DA:55,0
DA:58,2
DA:59,5
DA:62,1
DA:63,6
DA:66,1
DA:67,6
DA:74,4
DA:78,4
DA:80,0
DA:83,0
DA:84,0
DA:88,2
DA:89,4
DA:95,4
DA:99,4
DA:101,0
DA:104,0
DA:105,0
DA:109,2
DA:110,4
LF:43
LH:23
end_of_record
SF:lib/utils/directional_values.dart
DA:5,5
DA:6,10
DA:7,15
DA:8,15
DA:12,0
DA:14,0
DA:15,0
DA:16,0
DA:18,0
DA:23,8
DA:25,1
DA:26,2
DA:27,1
DA:28,1
DA:33,4
DA:34,4
DA:37,1
DA:38,2
DA:39,1
DA:41,1
DA:44,3
DA:45,8
DA:46,3
DA:47,3
DA:48,3
DA:51,0
DA:52,0
LF:27
LH:20
end_of_record
SF:lib/core/scroll/sheet_scroll_position.dart
DA:5,4
DA:7,0
DA:11,6
DA:13,3
DA:14,6
DA:15,3
DA:16,3
DA:19,0
DA:20,0
LF:9
LH:6
end_of_record
SF:lib/utils/extensions/offset_extensions.dart
DA:4,0
DA:5,0
DA:8,2
DA:9,2
DA:10,8
DA:11,8
DA:15,0
DA:16,0
DA:17,0
DA:18,0
LF:10
LH:4
end_of_record
SF:lib/core/sheet_index.dart
DA:11,0
DA:13,0
DA:15,0
DA:16,0
DA:17,0
DA:19,0
DA:21,0
DA:22,0
DA:23,0
DA:25,0
DA:27,0
DA:28,0
DA:29,0
DA:38,1
DA:40,1
DA:41,0
DA:42,0
DA:46,1
DA:48,1
DA:56,15
DA:58,13
DA:59,13
DA:60,13
DA:62,6
DA:63,12
DA:66,5
DA:67,10
DA:70,6
DA:71,12
DA:74,5
DA:75,10
DA:78,15
DA:80,10
DA:82,1
DA:84,2
DA:85,2
DA:87,1
DA:90,1
DA:93,4
DA:94,2
DA:95,1
DA:98,2
DA:101,4
DA:102,2
DA:103,1
DA:106,2
DA:108,1
DA:111,3
DA:112,9
DA:113,9
DA:115,3
DA:116,6
DA:117,6
DA:121,1
DA:122,7
DA:125,6
DA:127,30
DA:130,0
DA:131,0
DA:132,0
DA:135,0
DA:139,14
DA:140,42
DA:146,20
DA:148,24
DA:150,24
DA:152,1
DA:154,2
DA:155,3
DA:161,1
DA:164,3
DA:165,2
DA:166,1
DA:169,1
DA:171,1
DA:174,1
DA:175,3
DA:178,3
DA:179,9
DA:182,18
DA:183,18
DA:185,6
DA:187,18
DA:190,6
DA:193,6
DA:194,6
DA:195,24
DA:196,6
DA:202,1
DA:203,4
DA:206,1
DA:208,1
DA:209,3
DA:211,0
DA:215,15
DA:216,30
DA:222,20
DA:224,24
DA:226,24
DA:228,1
DA:230,2
DA:231,3
DA:237,15
DA:238,15
DA:240,1
DA:243,3
DA:244,2
DA:245,1
DA:248,1
DA:250,1
DA:253,3
DA:254,9
DA:257,1
DA:258,4
DA:261,6
DA:263,18
DA:266,0
DA:267,0
DA:270,1
DA:272,1
DA:273,3
DA:275,0
DA:279,16
DA:280,32
LF:124
LH:101
end_of_record
SF:lib/utils/numeric_index_mixin.dart
DA:4,13
DA:5,39
DA:8,5
DA:9,15
DA:12,1
DA:13,3
DA:16,5
DA:17,15
DA:20,1
DA:21,3
DA:25,0
DA:26,0
DA:29,0
DA:30,0
LF:14
LH:10
end_of_record
SF:lib/core/selection/selection_state.dart
DA:10,1
DA:12,1
DA:13,2
DA:16,1
DA:17,2
DA:18,1
DA:19,1
DA:23,1
DA:24,2
DA:25,2
DA:26,1
DA:27,1
DA:31,1
DA:32,2
DA:35,0
DA:36,0
LF:16
LH:14
end_of_record
SF:lib/core/selection/sheet_selection.dart
DA:61,9
DA:66,9
DA:67,9
DA:73,9
DA:74,9
DA:76,5
DA:77,27
DA:79,5
DA:80,27
DA:82,7
DA:83,7
DA:85,7
DA:86,7
DA:88,2
DA:90,2
DA:91,2
DA:95,2
DA:96,20
DA:97,20
DA:102,5
DA:105,10
DA:106,8
DA:107,8
DA:111,5
DA:113,10
DA:114,10
DA:119,4
DA:121,4
DA:123,34
DA:124,34
DA:126,24
DA:129,4
DA:131,4
DA:133,34
DA:134,34
DA:136,24
DA:139,2
DA:141,4
DA:144,0
DA:146,0
DA:148,0
DA:149,0
DA:151,0
DA:152,0
DA:153,0
DA:156,0
DA:157,0
DA:158,0
DA:161,0
LF:49
LH:38
end_of_record
SF:lib/core/selection/types/sheet_single_selection.dart
DA:10,9
DA:13,9
DA:15,1
DA:16,2
DA:21,2
DA:26,2
DA:27,2
DA:28,0
DA:32,1
DA:33,1
DA:35,6
DA:37,12
DA:40,3
DA:42,9
DA:45,3
DA:47,9
DA:50,3
DA:52,9
DA:55,2
DA:57,8
DA:60,2
DA:62,8
DA:65,2
DA:67,6
DA:70,4
DA:72,8
DA:75,2
DA:77,4
DA:78,2
DA:80,1
DA:84,0
DA:86,0
DA:89,2
DA:91,4
DA:94,8
DA:95,24
LF:36
LH:33
end_of_record
SF:lib/core/viewport/viewport_offset_transformer.dart
DA:15,2
DA:21,2
DA:22,18
DA:24,2
DA:25,8
DA:26,8
LF:6
LH:6
end_of_record
SF:lib/core/selection/paints/sheet_fill_selection_paint.dart
DA:12,0
DA:16,0
DA:18,0
DA:20,0
DA:21,0
DA:23,0
DA:26,0
LF:7
LH:0
end_of_record
SF:lib/core/selection/renderers/sheet_fill_selection_renderer.dart
DA:9,0
DA:14,0
DA:15,0
DA:17,0
DA:18,0
DA:20,0
DA:21,0
DA:23,0
DA:25,0
LF:9
LH:0
end_of_record
SF:lib/core/selection/selection_rect.dart
DA:8,1
DA:12,5
DA:14,1
DA:20,1
DA:22,6
DA:23,6
DA:24,6
DA:25,6
DA:27,1
DA:31,3
DA:33,3
DA:35,3
DA:37,3
LF:13
LH:13
end_of_record
SF:lib/core/selection/sheet_selection_paint.dart
DA:10,0
DA:17,0
DA:18,0
DA:19,0
DA:20,0
DA:21,0
DA:22,0
DA:24,0
DA:27,0
DA:28,0
DA:29,0
DA:30,0
DA:31,0
DA:33,0
DA:36,0
DA:38,0
DA:39,0
DA:40,0
DA:41,0
DA:42,0
DA:43,0
DA:45,0
DA:46,0
DA:47,0
DA:48,0
DA:51,0
DA:52,0
DA:53,0
DA:54,0
DA:55,0
DA:56,0
DA:57,0
DA:63,0
DA:64,0
DA:68,0
DA:69,0
DA:73,0
DA:74,0
DA:78,0
DA:79,0
LF:40
LH:0
end_of_record
SF:lib/core/selection/sheet_selection_renderer.dart
DA:11,0
DA:22,0
DA:23,0
DA:24,0
LF:4
LH:0
end_of_record
SF:lib/core/viewport/sheet_viewport.dart
DA:36,0
DA:39,0
DA:40,0
DA:42,0
DA:44,0
DA:45,0
DA:47,0
DA:48,0
DA:51,0
DA:53,0
DA:54,0
DA:55,0
DA:57,0
DA:60,0
DA:62,0
DA:64,0
DA:65,0
DA:68,0
DA:69,0
DA:72,0
DA:73,0
DA:76,0
DA:77,0
DA:80,0
DA:81,0
DA:86,0
DA:87,0
DA:89,0
DA:90,0
DA:92,0
DA:95,0
DA:96,0
DA:98,0
DA:99,0
DA:100,0
DA:102,0
DA:103,0
DA:104,0
DA:105,0
DA:107,0
DA:108,0
DA:109,0
DA:110,0
DA:111,0
DA:112,0
DA:113,0
DA:114,0
DA:120,0
DA:121,0
DA:122,0
DA:127,0
DA:128,0
DA:130,0
DA:131,0
LF:54
LH:0
end_of_record
SF:lib/core/selection/paints/sheet_multi_selection_paint.dart
DA:12,0
DA:16,0
DA:18,0
DA:20,0
DA:21,0
DA:22,0
DA:24,0
DA:27,0
DA:32,0
LF:9
LH:0
end_of_record
SF:lib/core/selection/renderers/sheet_multi_selection_renderer.dart
DA:9,0
DA:14,0
DA:17,0
DA:20,0
DA:22,0
DA:25,0
LF:6
LH:0
end_of_record
SF:lib/core/viewport/viewport_item.dart
DA:9,7
DA:17,1
DA:18,1
DA:19,4
DA:20,4
DA:21,2
DA:22,2
DA:31,5
DA:38,1
DA:39,4
DA:41,4
DA:42,4
DA:44,4
DA:46,2
DA:47,8
DA:54,5
DA:61,1
DA:63,4
DA:66,4
DA:67,4
DA:69,4
DA:71,1
DA:74,1
DA:75,1
DA:76,4
DA:77,1
DA:83,2
DA:84,8
DA:93,2
DA:104,2
DA:105,2
DA:109,6
DA:110,2
DA:111,4
DA:112,4
DA:113,4
DA:114,4
DA:119,1
DA:120,1
DA:122,1
DA:124,8
DA:127,2
DA:129,2
DA:131,1
DA:132,6
LF:45
LH:45
end_of_record
SF:lib/core/selection/paints/sheet_range_selection_paint.dart
DA:11,0
DA:15,0
DA:17,0
DA:19,0
DA:22,0
DA:23,0
DA:25,0
DA:26,0
DA:29,0
DA:30,0
DA:31,0
DA:32,0
LF:12
LH:0
end_of_record
SF:lib/core/selection/renderers/sheet_range_selection_renderer.dart
DA:16,0
DA:20,0
DA:23,0
DA:24,0
DA:26,0
DA:27,0
DA:29,0
DA:31,0
DA:34,0
DA:36,0
DA:38,0
DA:39,0
DA:40,0
DA:41,0
DA:43,0
DA:44,0
LF:16
LH:0
end_of_record
SF:lib/core/selection/paints/sheet_single_selection_paint.dart
DA:10,0
DA:14,0
DA:16,0
DA:18,0
DA:21,0
DA:22,0
DA:24,0
DA:27,0
LF:8
LH:0
end_of_record
SF:lib/core/selection/renderers/sheet_single_selection_renderer.dart
DA:12,0
DA:16,0
DA:19,0
DA:20,0
DA:22,0
DA:23,0
DA:25,0
DA:27,0
DA:30,0
LF:9
LH:0
end_of_record
SF:lib/core/selection/types/sheet_fill_selection.dart
DA:11,3
DA:16,6
DA:17,3
DA:22,0
DA:30,0
DA:31,0
DA:32,0
DA:33,0
DA:34,0
DA:38,1
DA:39,2
DA:41,1
DA:42,2
DA:44,1
DA:47,1
DA:49,2
DA:50,1
DA:52,1
DA:53,1
DA:54,3
DA:55,1
DA:56,3
DA:57,1
DA:58,3
DA:59,1
DA:60,3
DA:64,1
DA:65,1
DA:67,0
DA:69,0
DA:72,2
DA:73,10
LF:32
LH:24
end_of_record
SF:lib/core/selection/types/sheet_multi_selection.dart
DA:13,5
DA:15,10
DA:16,10
DA:17,5
DA:19,15
DA:20,15
DA:23,5
DA:26,5
DA:28,5
DA:29,11
DA:36,3
DA:41,5
DA:44,1
DA:45,3
DA:47,1
DA:50,1
DA:52,4
DA:55,1
DA:57,4
DA:60,1
DA:62,4
DA:65,1
DA:67,4
DA:68,1
DA:69,5
DA:73,1
DA:75,4
DA:76,1
DA:77,5
DA:81,1
DA:83,4
DA:86,0
DA:88,0
DA:89,0
DA:90,0
DA:92,0
DA:95,2
DA:97,6
DA:98,3
DA:101,2
DA:102,2
DA:104,2
DA:107,1
DA:109,3
DA:110,1
DA:111,3
DA:112,2
DA:113,1
DA:115,1
DA:116,0
DA:122,0
DA:124,0
DA:127,1
DA:129,3
DA:132,2
DA:133,4
DA:134,10
DA:135,2
DA:138,4
DA:139,4
DA:141,1
DA:142,1
DA:143,1
DA:146,2
DA:150,1
DA:151,2
DA:153,6
DA:157,2
DA:158,4
DA:159,2
DA:161,4
DA:163,8
DA:164,4
DA:165,2
DA:167,10
DA:168,4
DA:170,2
DA:171,2
DA:173,2
DA:174,0
DA:175,0
DA:177,0
DA:179,0
DA:185,2
DA:187,2
DA:190,2
DA:191,2
DA:193,0
DA:197,5
DA:198,15
LF:90
LH:77
end_of_record
SF:lib/core/selection/types/sheet_range_selection.dart
DA:12,7
DA:18,7
DA:20,5
DA:21,5
DA:26,3
DA:28,3
DA:29,6
DA:30,6
DA:31,0
DA:32,3
DA:36,4
DA:37,12
DA:39,5
DA:41,5
DA:42,10
DA:43,25
DA:44,25
DA:45,10
DA:46,5
DA:50,4
DA:52,4
DA:55,4
DA:56,4
DA:59,3
DA:61,3
DA:62,9
DA:65,3
DA:67,3
DA:68,9
DA:71,2
DA:73,6
DA:76,3
DA:78,6
DA:81,2
DA:83,2
DA:85,2
DA:86,2
DA:88,0
DA:91,2
DA:92,2
DA:94,2
DA:95,2
DA:97,6
DA:98,4
DA:100,10
DA:105,6
DA:106,4
DA:107,6
DA:108,10
DA:113,6
DA:114,4
DA:115,8
DA:121,6
DA:122,4
DA:123,8
DA:124,6
DA:132,0
DA:134,0
DA:137,3
DA:139,21
DA:142,5
DA:143,35
DA:144,35
DA:153,3
DA:154,18
DA:155,8
DA:161,3
DA:162,18
DA:163,18
DA:168,7
DA:169,28
LF:71
LH:67
end_of_record
SF:lib/utils/cached_value.dart
DA:5,0
DA:7,0
DA:8,0
DA:9,0
LF:4
LH:0
end_of_record
SF:lib/utils/closest_visible.dart
DA:9,1
DA:11,6
DA:13,3
DA:15,1
DA:16,1
DA:17,3
DA:18,3
DA:22,3
DA:23,9
LF:9
LH:9
end_of_record
SF:lib/core/selection/selection_corners.dart
DA:12,7
DA:14,14
DA:16,6
DA:24,6
DA:25,6
DA:26,3
DA:27,3
DA:28,3
DA:29,3
DA:30,3
DA:31,3
DA:35,2
DA:36,2
DA:37,12
DA:38,12
DA:39,12
DA:40,12
DA:43,2
DA:44,10
DA:45,2
DA:48,2
DA:49,16
DA:50,16
DA:51,16
DA:52,16
DA:55,5
DA:56,35
DA:57,35
DA:58,35
DA:59,28
DA:62,4
DA:63,20
LF:32
LH:32
end_of_record
SF:lib/core/selection/selection_details.dart
DA:7,10
DA:9,6
DA:10,6
DA:11,6
DA:12,8
DA:13,8
DA:17,6
DA:18,6
DA:19,11
DA:20,6
DA:21,8
DA:25,6
DA:26,6
DA:27,11
DA:28,10
DA:29,6
DA:33,7
DA:34,14
DA:40,10
DA:42,6
DA:43,6
DA:44,6
DA:45,8
DA:46,8
DA:50,6
DA:51,6
DA:52,11
DA:53,6
DA:54,8
DA:58,6
DA:59,6
DA:60,11
DA:61,10
DA:62,6
DA:66,7
DA:67,14
LF:36
LH:36
end_of_record
SF:lib/core/selection/selection_extensions.dart
DA:4,2
DA:5,8
LF:2
LH:2
end_of_record
SF:lib/core/selection/selection_status.dart
DA:7,5
DA:9,3
DA:11,3
DA:13,1
DA:14,2
DA:16,1
DA:23,4
DA:25,4
DA:27,5
DA:28,15
LF:10
LH:10
end_of_record
SF:lib/core/selection/sheet_selection_factory.dart
DA:10,3
DA:12,6
DA:13,4
DA:14,4
DA:18,4
DA:23,8
DA:24,2
DA:28,8
DA:29,4
DA:30,4
DA:34,1
DA:37,1
DA:40,2
DA:47,2
DA:55,2
DA:56,6
DA:59,4
DA:65,4
DA:66,4
DA:67,2
DA:68,4
DA:69,2
DA:70,4
DA:74,2
DA:80,2
DA:81,2
DA:82,2
DA:83,2
DA:84,1
DA:85,2
DA:89,2
DA:95,2
DA:96,2
DA:97,2
DA:98,2
DA:99,2
DA:100,2
LF:37
LH:37
end_of_record
SF:lib/utils/extensions/rect_extensions.dart
DA:4,1
DA:5,9
DA:8,1
DA:9,12
LF:4
LH:4
end_of_record
SF:lib/utils/extensions/iterable_extensions.dart
DA:2,2
DA:3,8
LF:2
LH:2
end_of_record
SF:lib/core/viewport/calculators/closest_visible_cell_index_calculator.dart
DA:23,1
DA:26,1
DA:27,1
DA:34,1
DA:35,2
DA:36,2
DA:38,1
LF:7
LH:7
end_of_record
SF:lib/core/viewport/calculators/closest_visible_column_index_calculator.dart
DA:16,2
DA:28,2
DA:29,6
DA:30,6
DA:31,2
DA:33,4
DA:34,2
DA:35,2
DA:36,2
DA:37,2
DA:41,2
DA:42,2
LF:12
LH:12
end_of_record
SF:lib/core/viewport/calculators/closest_visible_row_index_calculator.dart
DA:15,2
DA:27,2
DA:28,6
DA:29,6
DA:30,2
DA:32,4
DA:33,2
DA:36,2
DA:38,2
DA:39,2
DA:43,2
DA:44,2
LF:12
LH:12
end_of_record
SF:lib/core/viewport/renderers/visible_cells_renderer.dart
DA:17,1
DA:28,1
DA:29,1
DA:31,2
DA:32,2
DA:33,1
DA:34,1
LF:7
LH:7
end_of_record
SF:lib/core/viewport/renderers/visible_columns_renderer.dart
DA:16,1
DA:22,1
DA:23,3
DA:24,1
DA:26,3
DA:27,2
DA:29,1
DA:30,2
DA:32,4
DA:33,1
DA:34,2
DA:36,1
DA:39,3
DA:41,1
DA:42,3
DA:44,1
DA:50,1
DA:57,1
DA:58,2
DA:59,2
DA:61,2
DA:62,1
DA:65,1
DA:66,1
DA:69,1
DA:84,1
DA:91,0
DA:92,0
LF:28
LH:26
end_of_record
SF:lib/core/viewport/sheet_viewport_rect.dart
DA:10,3
DA:11,3
DA:14,6
DA:16,6
DA:18,3
DA:20,1
DA:21,1
DA:24,2
DA:25,2
DA:31,1
DA:32,2
DA:33,1
DA:36,1
DA:37,2
DA:40,3
DA:41,18
DA:44,0
DA:45,0
LF:18
LH:16
end_of_record
SF:lib/core/viewport/renderers/visible_rows_renderer.dart
DA:30,1
DA:42,1
DA:43,3
DA:44,1
DA:46,3
DA:47,2
DA:49,1
DA:50,2
DA:52,4
DA:53,1
DA:54,2
DA:56,1
DA:59,3
DA:61,1
DA:62,3
DA:64,1
DA:70,1
DA:77,1
DA:78,2
DA:79,2
DA:81,2
DA:82,1
DA:85,1
DA:86,1
DA:89,1
DA:104,1
DA:111,0
DA:112,0
LF:28
LH:26
end_of_record
SF:lib/core/viewport/sheet_viewport_content.dart
DA:29,0
DA:30,0
DA:38,0
DA:39,0
DA:40,0
DA:41,0
DA:43,0
DA:44,0
DA:48,0
DA:51,0
DA:54,0
DA:57,0
DA:59,0
DA:61,0
DA:62,0
DA:65,0
DA:67,0
DA:69,0
DA:71,0
DA:72,0
DA:75,0
DA:76,0
DA:79,0
DA:80,0
LF:24
LH:0
end_of_record
SF:lib/core/viewport/sheet_viewport_content_data.dart
DA:20,0
DA:21,0
DA:26,0
DA:27,0
DA:28,0
DA:29,0
DA:36,0
DA:37,0
DA:40,0
DA:41,0
DA:42,0
DA:44,0
DA:49,0
DA:50,0
DA:55,0
DA:57,0
DA:66,0
DA:67,0
DA:68,0
DA:70,0
DA:71,0
DA:72,0
LF:22
LH:0
end_of_record
SF:lib/core/selection/selection_overflow_index_adapter.dart
DA:4,1
DA:6,1
DA:7,4
DA:8,4
LF:4
LH:4
end_of_record
SF:lib/core/selection/strategies/gesture_selection_strategy.dart
DA:14,1
DA:16,1
DA:21,1
DA:23,1
DA:25,1
DA:28,1
DA:34,1
DA:36,1
DA:37,2
DA:40,1
DA:45,1
DA:47,1
DA:52,1
DA:54,1
DA:56,1
DA:57,0
DA:60,1
DA:63,1
DA:65,1
DA:71,1
DA:72,3
DA:73,4
DA:75,1
DA:76,4
DA:77,2
DA:79,1
DA:80,3
DA:81,4
DA:83,1
DA:84,4
DA:85,2
DA:89,1
LF:32
LH:31
end_of_record
SF:lib/core/selection/strategies/gesture_selection_builder.dart
DA:9,1
DA:13,1
DA:14,1
DA:17,1
DA:18,3
LF:5
LH:5
end_of_record
SF:lib/core/keyboard/keyboard_states.dart
DA:4,11
DA:16,2
DA:17,10
DA:26,8
DA:28,2
DA:31,3
DA:34,1
DA:37,1
DA:38,1
DA:40,1
DA:41,1
DA:43,1
DA:44,1
DA:46,1
DA:48,1
DA:51,0
DA:53,0
DA:56,0
DA:57,0
DA:63,3
DA:65,2
DA:68,3
DA:69,12
DA:71,0
DA:72,0
DA:74,2
DA:75,6
DA:77,1
DA:78,2
DA:80,1
DA:82,3
DA:85,1
DA:87,1
DA:90,0
DA:93,0
DA:94,0
DA:100,3
DA:102,2
DA:105,3
DA:107,18
DA:110,2
DA:112,6
DA:115,2
DA:116,10
DA:118,3
DA:119,3
DA:121,0
DA:123,0
DA:124,0
DA:129,1
DA:131,1
DA:132,0
DA:134,6
DA:135,2
DA:137,3
DA:138,3
DA:144,0
DA:145,0
LF:58
LH:43
end_of_record
SF:lib/core/keyboard/keyboard_listener.dart
DA:22,1
DA:23,1
DA:24,2
DA:25,3
DA:27,6
DA:30,1
DA:31,1
DA:32,2
DA:33,3
DA:35,2
DA:38,0
DA:39,0
DA:42,3
DA:44,3
DA:46,3
DA:48,1
DA:49,1
DA:50,1
DA:51,2
DA:52,2
DA:57,0
DA:58,0
DA:59,0
DA:60,0
LF:24
LH:18
end_of_record
SF:lib/utils/repeat_action_timer.dart
DA:5,1
DA:15,1
DA:16,1
DA:18,4
DA:19,1
DA:23,1
DA:24,2
DA:25,1
DA:27,2
DA:28,1
DA:31,1
DA:32,5
LF:12
LH:12
end_of_record
